0 info it worked if it ends with ok
1 verbose cli [ '/usr/local/Cellar/node/6.3.1/bin/node',
1 verbose cli   '/usr/local/bin/npm',
1 verbose cli   'run',
1 verbose cli   'release' ]
2 info using npm@3.10.3
3 info using node@v6.3.1
4 verbose run-script [ 'prerelease', 'release', 'postrelease' ]
5 info lifecycle electron-quick-start@1.0.0~prerelease: electron-quick-start@1.0.0
6 verbose lifecycle electron-quick-start@1.0.0~prerelease: unsafe-perm in lifecycle true
7 verbose lifecycle electron-quick-start@1.0.0~prerelease: PATH: /usr/local/lib/node_modules/npm/bin/node-gyp-bin:/Users/TheRedDevil/Projects/electron-quick-start/node_modules/.bin:/usr/local/Cellar/node/6.3.1/bin:/Users/TheRedDevil/.rbenv/shims:/usr/bin:/bin:/usr/sbin:/sbin:/usr/local/bin
8 verbose lifecycle electron-quick-start@1.0.0~prerelease: CWD: /Users/TheRedDevil/Projects/electron-quick-start
9 silly lifecycle electron-quick-start@1.0.0~prerelease: Args: [ '-c', 'gulp build --env=production' ]
10 silly lifecycle electron-quick-start@1.0.0~prerelease: Returned: code: 1  signal: null
11 info lifecycle electron-quick-start@1.0.0~prerelease: Failed to exec prerelease script
12 verbose stack Error: electron-quick-start@1.0.0 prerelease: `gulp build --env=production`
12 verbose stack Exit status 1
12 verbose stack     at EventEmitter.<anonymous> (/usr/local/lib/node_modules/npm/lib/utils/lifecycle.js:242:16)
12 verbose stack     at emitTwo (events.js:106:13)
12 verbose stack     at EventEmitter.emit (events.js:191:7)
12 verbose stack     at ChildProcess.<anonymous> (/usr/local/lib/node_modules/npm/lib/utils/spawn.js:40:14)
12 verbose stack     at emitTwo (events.js:106:13)
12 verbose stack     at ChildProcess.emit (events.js:191:7)
12 verbose stack     at maybeClose (internal/child_process.js:852:16)
12 verbose stack     at Process.ChildProcess._handle.onexit (internal/child_process.js:215:5)
13 verbose pkgid electron-quick-start@1.0.0
14 verbose cwd /Users/TheRedDevil/Projects/electron-quick-start
15 error Darwin 15.6.0
16 error argv "/usr/local/Cellar/node/6.3.1/bin/node" "/usr/local/bin/npm" "run" "release"
17 error node v6.3.1
18 error npm  v3.10.3
19 error code ELIFECYCLE
20 error electron-quick-start@1.0.0 prerelease: `gulp build --env=production`
20 error Exit status 1
21 error Failed at the electron-quick-start@1.0.0 prerelease script 'gulp build --env=production'.
21 error Make sure you have the latest version of node.js and npm installed.
21 error If you do, this is most likely a problem with the electron-quick-start package,
21 error not with npm itself.
21 error Tell the author that this fails on your system:
21 error     gulp build --env=production
21 error You can get information on how to open an issue for this project with:
21 error     npm bugs electron-quick-start
21 error Or if that isn't available, you can get their info via:
21 error     npm owner ls electron-quick-start
21 error There is likely additional logging output above.
22 verbose exit [ 1, true ]
